<?xml version="1.0" encoding="UTF-8"?>
<!-- Generated by org.testng.reporters.JUnitXMLReporter -->
<testsuite ignored="0" hostname="LAPTOP-6UBAU2B3" failures="0" tests="4" name="Test" time="4.221" errors="0" timestamp="2023-07-09T21:58:47 IST">
  <testcase classname="APIChaining.CreateUser" name="createUser" time="3.158"/>
  <testcase classname="APIChaining.GetUser" name="getUser" time="0.348"/>
  <testcase classname="APIChaining.UpdateUser" name="updateUser" time="0.349"/>
  <testcase classname="APIChaining.DeleteUser" name="getUser" time="0.306"/>
</testsuite> <!-- Test -->
