<?xml version="1.0" encoding="UTF-8"?>
<testng-results ignored="0" total="4" passed="4" failed="0" skipped="0">
  <reporter-output>
  </reporter-output>
  <suite started-at="2023-07-09T21:58:43 IST" name="Suite" finished-at="2023-07-09T21:58:47 IST" duration-ms="4221">
    <groups>
    </groups>
    <test started-at="2023-07-09T21:58:43 IST" name="Test" finished-at="2023-07-09T21:58:47 IST" duration-ms="4221">
      <class name="APIChaining.GetUser">
        <test-method signature="getUser(org.testng.ITestContext)[pri:0, instance:APIChaining.GetUser@5bda8e08]" started-at="2023-07-09T21:58:46 IST" name="getUser" finished-at="2023-07-09T21:58:46 IST" duration-ms="348" status="PASS">
          <params>
            <param index="0">
              <value>
                <![CDATA[org.testng.TestRunner@44821a96]]>
              </value>
            </param>
          </params>
          <reporter-output>
          </reporter-output>
        </test-method> <!-- getUser -->
      </class> <!-- APIChaining.GetUser -->
      <class name="APIChaining.UpdateUser">
        <test-method signature="updateUser(org.testng.ITestContext)[pri:0, instance:APIChaining.UpdateUser@1e800aaa]" started-at="2023-07-09T21:58:46 IST" name="updateUser" finished-at="2023-07-09T21:58:47 IST" duration-ms="349" status="PASS">
          <params>
            <param index="0">
              <value>
                <![CDATA[org.testng.TestRunner@44821a96]]>
              </value>
            </param>
          </params>
          <reporter-output>
          </reporter-output>
        </test-method> <!-- updateUser -->
      </class> <!-- APIChaining.UpdateUser -->
      <class name="APIChaining.DeleteUser">
        <test-method signature="getUser(org.testng.ITestContext)[pri:0, instance:APIChaining.DeleteUser@185a6e9]" started-at="2023-07-09T21:58:47 IST" name="getUser" finished-at="2023-07-09T21:58:47 IST" duration-ms="306" status="PASS">
          <params>
            <param index="0">
              <value>
                <![CDATA[org.testng.TestRunner@44821a96]]>
              </value>
            </param>
          </params>
          <reporter-output>
          </reporter-output>
        </test-method> <!-- getUser -->
      </class> <!-- APIChaining.DeleteUser -->
      <class name="APIChaining.CreateUser">
        <test-method signature="createUser(org.testng.ITestContext)[pri:0, instance:APIChaining.CreateUser@7dcf94f8]" started-at="2023-07-09T21:58:43 IST" name="createUser" finished-at="2023-07-09T21:58:46 IST" duration-ms="3158" status="PASS">
          <params>
            <param index="0">
              <value>
                <![CDATA[org.testng.TestRunner@44821a96]]>
              </value>
            </param>
          </params>
          <reporter-output>
          </reporter-output>
        </test-method> <!-- createUser -->
      </class> <!-- APIChaining.CreateUser -->
    </test> <!-- Test -->
  </suite> <!-- Suite -->
</testng-results>
